<?xml version="1.0" encoding="UTF-8"?>
<testsuite xmlns:xsi="http://www.w3.org/2001/XMLSchema-instance" xsi:noNamespaceSchemaLocation="https://maven.apache.org/surefire/maven-surefire-plugin/xsd/surefire-test-report-3.0.xsd" version="3.0" name="org.real.temp.Tester" time="0.031" tests="6" errors="6" skipped="0" failures="0">
  <properties>
    <property name="sun.desktop" value="windows"/>
    <property name="awt.toolkit" value="sun.awt.windows.WToolkit"/>
    <property name="java.specification.version" value="11"/>
    <property name="sun.cpu.isalist" value="amd64"/>
    <property name="sun.jnu.encoding" value="GBK"/>
    <property name="java.class.path" value="E:\code\code_back\python_project\RealisticEval-Data\envs\java\target\test-classes;E:\code\code_back\python_project\RealisticEval-Data\envs\java\target\classes;D:\sdk\maven-repository\junit\junit\4.13.2\junit-4.13.2.jar;D:\sdk\maven-repository\org\hamcrest\hamcrest-core\1.3\hamcrest-core-1.3.jar;D:\sdk\maven-repository\org\jsoup\jsoup\1.14.3\jsoup-1.14.3.jar;D:\sdk\maven-repository\org\slf4j\slf4j-api\1.7.32\slf4j-api-1.7.32.jar;D:\sdk\maven-repository\org\json\json\20210307\json-20210307.jar;D:\sdk\maven-repository\org\apache\commons\commons-csv\1.10.0\commons-csv-1.10.0.jar;D:\sdk\maven-repository\org\apache\commons\commons-math3\3.6.1\commons-math3-3.6.1.jar;D:\sdk\maven-repository\org\mockito\mockito-core\4.0.0\mockito-core-4.0.0.jar;D:\sdk\maven-repository\net\bytebuddy\byte-buddy\1.11.19\byte-buddy-1.11.19.jar;D:\sdk\maven-repository\net\bytebuddy\byte-buddy-agent\1.11.19\byte-buddy-agent-1.11.19.jar;D:\sdk\maven-repository\org\objenesis\objenesis\3.2\objenesis-3.2.jar;D:\sdk\maven-repository\com\opencsv\opencsv\5.6\opencsv-5.6.jar;D:\sdk\maven-repository\org\apache\commons\commons-lang3\3.12.0\commons-lang3-3.12.0.jar;D:\sdk\maven-repository\org\apache\commons\commons-text\1.9\commons-text-1.9.jar;D:\sdk\maven-repository\commons-beanutils\commons-beanutils\1.9.4\commons-beanutils-1.9.4.jar;D:\sdk\maven-repository\commons-logging\commons-logging\1.2\commons-logging-1.2.jar;D:\sdk\maven-repository\commons-collections\commons-collections\3.2.2\commons-collections-3.2.2.jar;D:\sdk\maven-repository\org\apache\commons\commons-collections4\4.4\commons-collections4-4.4.jar;D:\sdk\maven-repository\org\nd4j\nd4j-native-platform\1.0.0-M1\nd4j-native-platform-1.0.0-M1.jar;D:\sdk\maven-repository\org\bytedeco\openblas-platform\0.3.13-1.5.5\openblas-platform-0.3.13-1.5.5.jar;D:\sdk\maven-repository\org\bytedeco\javacpp-platform\1.5.5\javacpp-platform-1.5.5.jar;D:\sdk\maven-repository\org\bytedeco\javacpp\1.5.5\javacpp-1.5.5-android-arm.jar;D:\sdk\maven-repository\org\bytedeco\javacpp\1.5.5\javacpp-1.5.5-android-arm64.jar;D:\sdk\maven-repository\org\bytedeco\javacpp\1.5.5\javacpp-1.5.5-android-x86.jar;D:\sdk\maven-repository\org\bytedeco\javacpp\1.5.5\javacpp-1.5.5-android-x86_64.jar;D:\sdk\maven-repository\org\bytedeco\javacpp\1.5.5\javacpp-1.5.5-ios-arm64.jar;D:\sdk\maven-repository\org\bytedeco\javacpp\1.5.5\javacpp-1.5.5-ios-x86_64.jar;D:\sdk\maven-repository\org\bytedeco\javacpp\1.5.5\javacpp-1.5.5-linux-armhf.jar;D:\sdk\maven-repository\org\bytedeco\javacpp\1.5.5\javacpp-1.5.5-linux-arm64.jar;D:\sdk\maven-repository\org\bytedeco\javacpp\1.5.5\javacpp-1.5.5-linux-ppc64le.jar;D:\sdk\maven-repository\org\bytedeco\javacpp\1.5.5\javacpp-1.5.5-linux-x86.jar;D:\sdk\maven-repository\org\bytedeco\javacpp\1.5.5\javacpp-1.5.5-linux-x86_64.jar;D:\sdk\maven-repository\org\bytedeco\javacpp\1.5.5\javacpp-1.5.5-macosx-arm64.jar;D:\sdk\maven-repository\org\bytedeco\javacpp\1.5.5\javacpp-1.5.5-macosx-x86_64.jar;D:\sdk\maven-repository\org\bytedeco\javacpp\1.5.5\javacpp-1.5.5-windows-x86.jar;D:\sdk\maven-repository\org\bytedeco\openblas\0.3.13-1.5.5\openblas-0.3.13-1.5.5.jar;D:\sdk\maven-repository\org\bytedeco\openblas\0.3.13-1.5.5\openblas-0.3.13-1.5.5-android-arm.jar;D:\sdk\maven-repository\org\bytedeco\openblas\0.3.13-1.5.5\openblas-0.3.13-1.5.5-android-arm64.jar;D:\sdk\maven-repository\org\bytedeco\openblas\0.3.13-1.5.5\openblas-0.3.13-1.5.5-android-x86.jar;D:\sdk\maven-repository\org\bytedeco\openblas\0.3.13-1.5.5\openblas-0.3.13-1.5.5-android-x86_64.jar;D:\sdk\maven-repository\org\bytedeco\openblas\0.3.13-1.5.5\openblas-0.3.13-1.5.5-ios-arm64.jar;D:\sdk\maven-repository\org\bytedeco\openblas\0.3.13-1.5.5\openblas-0.3.13-1.5.5-ios-x86_64.jar;D:\sdk\maven-repository\org\bytedeco\openblas\0.3.13-1.5.5\openblas-0.3.13-1.5.5-linux-x86.jar;D:\sdk\maven-repository\org\bytedeco\openblas\0.3.13-1.5.5\openblas-0.3.13-1.5.5-linux-x86_64.jar;D:\sdk\maven-repository\org\bytedeco\openblas\0.3.13-1.5.5\openblas-0.3.13-1.5.5-linux-armhf.jar;D:\sdk\maven-repository\org\bytedeco\openblas\0.3.13-1.5.5\openblas-0.3.13-1.5.5-linux-arm64.jar;D:\sdk\maven-repository\org\bytedeco\openblas\0.3.13-1.5.5\openblas-0.3.13-1.5.5-linux-ppc64le.jar;D:\sdk\maven-repository\org\bytedeco\openblas\0.3.13-1.5.5\openblas-0.3.13-1.5.5-macosx-x86_64.jar;D:\sdk\maven-repository\org\bytedeco\openblas\0.3.13-1.5.5\openblas-0.3.13-1.5.5-windows-x86.jar;D:\sdk\maven-repository\org\bytedeco\openblas\0.3.13-1.5.5\openblas-0.3.13-1.5.5-windows-x86_64.jar;D:\sdk\maven-repository\org\bytedeco\mkl-platform\2021.1-1.5.5\mkl-platform-2021.1-1.5.5.jar;D:\sdk\maven-repository\org\bytedeco\mkl\2021.1-1.5.5\mkl-2021.1-1.5.5.jar;D:\sdk\maven-repository\org\bytedeco\mkl\2021.1-1.5.5\mkl-2021.1-1.5.5-linux-x86.jar;D:\sdk\maven-repository\org\bytedeco\mkl\2021.1-1.5.5\mkl-2021.1-1.5.5-linux-x86_64.jar;D:\sdk\maven-repository\org\bytedeco\mkl\2021.1-1.5.5\mkl-2021.1-1.5.5-macosx-x86_64.jar;D:\sdk\maven-repository\org\bytedeco\mkl\2021.1-1.5.5\mkl-2021.1-1.5.5-windows-x86.jar;D:\sdk\maven-repository\org\bytedeco\mkl\2021.1-1.5.5\mkl-2021.1-1.5.5-windows-x86_64.jar;D:\sdk\maven-repository\org\nd4j\nd4j-native\1.0.0-M1\nd4j-native-1.0.0-M1.jar;D:\sdk\maven-repository\org\bytedeco\javacpp\1.5.5\javacpp-1.5.5.jar;D:\sdk\maven-repository\org\bytedeco\javacpp\1.5.5\javacpp-1.5.5-windows-x86_64.jar;D:\sdk\maven-repository\org\nd4j\nd4j-api\1.0.0-M1\nd4j-api-1.0.0-M1.jar;D:\sdk\maven-repository\com\jakewharton\byteunits\byteunits\0.9.1\byteunits-0.9.1.jar;D:\sdk\maven-repository\com\google\flatbuffers\flatbuffers-java\1.10.0\flatbuffers-java-1.10.0.jar;D:\sdk\maven-repository\org\nd4j\protobuf\1.0.0-M1\protobuf-1.0.0-M1.jar;D:\sdk\maven-repository\com\github\oshi\oshi-core\3.4.2\oshi-core-3.4.2.jar;D:\sdk\maven-repository\net\java\dev\jna\jna-platform\4.3.0\jna-platform-4.3.0.jar;D:\sdk\maven-repository\net\java\dev\jna\jna\4.3.0\jna-4.3.0.jar;D:\sdk\maven-repository\org\threeten\threetenbp\1.3.3\threetenbp-1.3.3.jar;D:\sdk\maven-repository\org\nd4j\jackson\1.0.0-M1\jackson-1.0.0-M1.jar;D:\sdk\maven-repository\commons-net\commons-net\3.1\commons-net-3.1.jar;D:\sdk\maven-repository\net\ericaro\neoitertools\1.0.0\neoitertools-1.0.0.jar;D:\sdk\maven-repository\org\nd4j\nd4j-common\1.0.0-M1\nd4j-common-1.0.0-M1.jar;D:\sdk\maven-repository\org\nd4j\guava\1.0.0-M1\guava-1.0.0-M1.jar;D:\sdk\maven-repository\commons-io\commons-io\2.5\commons-io-2.5.jar;D:\sdk\maven-repository\org\apache\commons\commons-compress\1.18\commons-compress-1.18.jar;D:\sdk\maven-repository\commons-codec\commons-codec\1.10\commons-codec-1.10.jar;D:\sdk\maven-repository\ch\qos\logback\logback-classic\1.2.3\logback-classic-1.2.3.jar;D:\sdk\maven-repository\ch\qos\logback\logback-core\1.2.3\logback-core-1.2.3.jar;D:\sdk\maven-repository\org\nd4j\nd4j-native-api\1.0.0-M1\nd4j-native-api-1.0.0-M1.jar;D:\sdk\maven-repository\org\nd4j\nd4j-native-preset\1.0.0-M1\nd4j-native-preset-1.0.0-M1.jar;D:\sdk\maven-repository\org\nd4j\nd4j-native-preset\1.0.0-M1\nd4j-native-preset-1.0.0-M1-windows-x86_64.jar;D:\sdk\maven-repository\org\nd4j\nd4j-native\1.0.0-M1\nd4j-native-1.0.0-M1-android-arm.jar;D:\sdk\maven-repository\org\nd4j\nd4j-native\1.0.0-M1\nd4j-native-1.0.0-M1-android-arm64.jar;D:\sdk\maven-repository\org\nd4j\nd4j-native\1.0.0-M1\nd4j-native-1.0.0-M1-android-x86.jar;D:\sdk\maven-repository\org\nd4j\nd4j-native\1.0.0-M1\nd4j-native-1.0.0-M1-android-x86_64.jar;D:\sdk\maven-repository\org\nd4j\nd4j-native\1.0.0-M1\nd4j-native-1.0.0-M1-linux-x86_64.jar;D:\sdk\maven-repository\org\nd4j\nd4j-native\1.0.0-M1\nd4j-native-1.0.0-M1-macosx-x86_64.jar;D:\sdk\maven-repository\org\nd4j\nd4j-native\1.0.0-M1\nd4j-native-1.0.0-M1-windows-x86_64.jar;D:\sdk\maven-repository\org\nd4j\nd4j-native\1.0.0-M1\nd4j-native-1.0.0-M1-linux-armhf.jar;D:\sdk\maven-repository\com\fasterxml\jackson\core\jackson-databind\2.15.2\jackson-databind-2.15.2.jar;D:\sdk\maven-repository\com\fasterxml\jackson\core\jackson-core\2.15.2\jackson-core-2.15.2.jar;D:\sdk\maven-repository\com\fasterxml\jackson\datatype\jackson-datatype-jsr310\2.15.2\jackson-datatype-jsr310-2.15.2.jar;D:\sdk\maven-repository\com\fasterxml\jackson\core\jackson-annotations\2.15.2\jackson-annotations-2.15.2.jar;D:\sdk\maven-repository\com\google\code\gson\gson\2.2.4\gson-2.2.4.jar;"/>
    <property name="java.vm.vendor" value="Oracle Corporation"/>
    <property name="sun.arch.data.model" value="64"/>
    <property name="user.variant" value=""/>
    <property name="java.vendor.url" value="https://openjdk.java.net/"/>
    <property name="user.timezone" value="Asia/Shanghai"/>
    <property name="java.vm.specification.version" value="11"/>
    <property name="os.name" value="Windows 11"/>
    <property name="sun.java.launcher" value="SUN_STANDARD"/>
    <property name="user.country" value="CN"/>
    <property name="sun.boot.library.path" value="D:\sdk\java\bin"/>
    <property name="sun.java.command" value="D:\cache\user_temp\surefire10548057148989783146\surefirebooter-20241108230951476_3.jar D:\cache\user_temp\surefire10548057148989783146 2024-11-08T23-09-51_215-jvmRun1 surefire-20241108230951476_1tmp surefire_0-20241108230951476_2tmp"/>
    <property name="jdk.debug" value="release"/>
    <property name="surefire.test.class.path" value="E:\code\code_back\python_project\RealisticEval-Data\envs\java\target\test-classes;E:\code\code_back\python_project\RealisticEval-Data\envs\java\target\classes;D:\sdk\maven-repository\junit\junit\4.13.2\junit-4.13.2.jar;D:\sdk\maven-repository\org\hamcrest\hamcrest-core\1.3\hamcrest-core-1.3.jar;D:\sdk\maven-repository\org\jsoup\jsoup\1.14.3\jsoup-1.14.3.jar;D:\sdk\maven-repository\org\slf4j\slf4j-api\1.7.32\slf4j-api-1.7.32.jar;D:\sdk\maven-repository\org\json\json\20210307\json-20210307.jar;D:\sdk\maven-repository\org\apache\commons\commons-csv\1.10.0\commons-csv-1.10.0.jar;D:\sdk\maven-repository\org\apache\commons\commons-math3\3.6.1\commons-math3-3.6.1.jar;D:\sdk\maven-repository\org\mockito\mockito-core\4.0.0\mockito-core-4.0.0.jar;D:\sdk\maven-repository\net\bytebuddy\byte-buddy\1.11.19\byte-buddy-1.11.19.jar;D:\sdk\maven-repository\net\bytebuddy\byte-buddy-agent\1.11.19\byte-buddy-agent-1.11.19.jar;D:\sdk\maven-repository\org\objenesis\objenesis\3.2\objenesis-3.2.jar;D:\sdk\maven-repository\com\opencsv\opencsv\5.6\opencsv-5.6.jar;D:\sdk\maven-repository\org\apache\commons\commons-lang3\3.12.0\commons-lang3-3.12.0.jar;D:\sdk\maven-repository\org\apache\commons\commons-text\1.9\commons-text-1.9.jar;D:\sdk\maven-repository\commons-beanutils\commons-beanutils\1.9.4\commons-beanutils-1.9.4.jar;D:\sdk\maven-repository\commons-logging\commons-logging\1.2\commons-logging-1.2.jar;D:\sdk\maven-repository\commons-collections\commons-collections\3.2.2\commons-collections-3.2.2.jar;D:\sdk\maven-repository\org\apache\commons\commons-collections4\4.4\commons-collections4-4.4.jar;D:\sdk\maven-repository\org\nd4j\nd4j-native-platform\1.0.0-M1\nd4j-native-platform-1.0.0-M1.jar;D:\sdk\maven-repository\org\bytedeco\openblas-platform\0.3.13-1.5.5\openblas-platform-0.3.13-1.5.5.jar;D:\sdk\maven-repository\org\bytedeco\javacpp-platform\1.5.5\javacpp-platform-1.5.5.jar;D:\sdk\maven-repository\org\bytedeco\javacpp\1.5.5\javacpp-1.5.5-android-arm.jar;D:\sdk\maven-repository\org\bytedeco\javacpp\1.5.5\javacpp-1.5.5-android-arm64.jar;D:\sdk\maven-repository\org\bytedeco\javacpp\1.5.5\javacpp-1.5.5-android-x86.jar;D:\sdk\maven-repository\org\bytedeco\javacpp\1.5.5\javacpp-1.5.5-android-x86_64.jar;D:\sdk\maven-repository\org\bytedeco\javacpp\1.5.5\javacpp-1.5.5-ios-arm64.jar;D:\sdk\maven-repository\org\bytedeco\javacpp\1.5.5\javacpp-1.5.5-ios-x86_64.jar;D:\sdk\maven-repository\org\bytedeco\javacpp\1.5.5\javacpp-1.5.5-linux-armhf.jar;D:\sdk\maven-repository\org\bytedeco\javacpp\1.5.5\javacpp-1.5.5-linux-arm64.jar;D:\sdk\maven-repository\org\bytedeco\javacpp\1.5.5\javacpp-1.5.5-linux-ppc64le.jar;D:\sdk\maven-repository\org\bytedeco\javacpp\1.5.5\javacpp-1.5.5-linux-x86.jar;D:\sdk\maven-repository\org\bytedeco\javacpp\1.5.5\javacpp-1.5.5-linux-x86_64.jar;D:\sdk\maven-repository\org\bytedeco\javacpp\1.5.5\javacpp-1.5.5-macosx-arm64.jar;D:\sdk\maven-repository\org\bytedeco\javacpp\1.5.5\javacpp-1.5.5-macosx-x86_64.jar;D:\sdk\maven-repository\org\bytedeco\javacpp\1.5.5\javacpp-1.5.5-windows-x86.jar;D:\sdk\maven-repository\org\bytedeco\openblas\0.3.13-1.5.5\openblas-0.3.13-1.5.5.jar;D:\sdk\maven-repository\org\bytedeco\openblas\0.3.13-1.5.5\openblas-0.3.13-1.5.5-android-arm.jar;D:\sdk\maven-repository\org\bytedeco\openblas\0.3.13-1.5.5\openblas-0.3.13-1.5.5-android-arm64.jar;D:\sdk\maven-repository\org\bytedeco\openblas\0.3.13-1.5.5\openblas-0.3.13-1.5.5-android-x86.jar;D:\sdk\maven-repository\org\bytedeco\openblas\0.3.13-1.5.5\openblas-0.3.13-1.5.5-android-x86_64.jar;D:\sdk\maven-repository\org\bytedeco\openblas\0.3.13-1.5.5\openblas-0.3.13-1.5.5-ios-arm64.jar;D:\sdk\maven-repository\org\bytedeco\openblas\0.3.13-1.5.5\openblas-0.3.13-1.5.5-ios-x86_64.jar;D:\sdk\maven-repository\org\bytedeco\openblas\0.3.13-1.5.5\openblas-0.3.13-1.5.5-linux-x86.jar;D:\sdk\maven-repository\org\bytedeco\openblas\0.3.13-1.5.5\openblas-0.3.13-1.5.5-linux-x86_64.jar;D:\sdk\maven-repository\org\bytedeco\openblas\0.3.13-1.5.5\openblas-0.3.13-1.5.5-linux-armhf.jar;D:\sdk\maven-repository\org\bytedeco\openblas\0.3.13-1.5.5\openblas-0.3.13-1.5.5-linux-arm64.jar;D:\sdk\maven-repository\org\bytedeco\openblas\0.3.13-1.5.5\openblas-0.3.13-1.5.5-linux-ppc64le.jar;D:\sdk\maven-repository\org\bytedeco\openblas\0.3.13-1.5.5\openblas-0.3.13-1.5.5-macosx-x86_64.jar;D:\sdk\maven-repository\org\bytedeco\openblas\0.3.13-1.5.5\openblas-0.3.13-1.5.5-windows-x86.jar;D:\sdk\maven-repository\org\bytedeco\openblas\0.3.13-1.5.5\openblas-0.3.13-1.5.5-windows-x86_64.jar;D:\sdk\maven-repository\org\bytedeco\mkl-platform\2021.1-1.5.5\mkl-platform-2021.1-1.5.5.jar;D:\sdk\maven-repository\org\bytedeco\mkl\2021.1-1.5.5\mkl-2021.1-1.5.5.jar;D:\sdk\maven-repository\org\bytedeco\mkl\2021.1-1.5.5\mkl-2021.1-1.5.5-linux-x86.jar;D:\sdk\maven-repository\org\bytedeco\mkl\2021.1-1.5.5\mkl-2021.1-1.5.5-linux-x86_64.jar;D:\sdk\maven-repository\org\bytedeco\mkl\2021.1-1.5.5\mkl-2021.1-1.5.5-macosx-x86_64.jar;D:\sdk\maven-repository\org\bytedeco\mkl\2021.1-1.5.5\mkl-2021.1-1.5.5-windows-x86.jar;D:\sdk\maven-repository\org\bytedeco\mkl\2021.1-1.5.5\mkl-2021.1-1.5.5-windows-x86_64.jar;D:\sdk\maven-repository\org\nd4j\nd4j-native\1.0.0-M1\nd4j-native-1.0.0-M1.jar;D:\sdk\maven-repository\org\bytedeco\javacpp\1.5.5\javacpp-1.5.5.jar;D:\sdk\maven-repository\org\bytedeco\javacpp\1.5.5\javacpp-1.5.5-windows-x86_64.jar;D:\sdk\maven-repository\org\nd4j\nd4j-api\1.0.0-M1\nd4j-api-1.0.0-M1.jar;D:\sdk\maven-repository\com\jakewharton\byteunits\byteunits\0.9.1\byteunits-0.9.1.jar;D:\sdk\maven-repository\com\google\flatbuffers\flatbuffers-java\1.10.0\flatbuffers-java-1.10.0.jar;D:\sdk\maven-repository\org\nd4j\protobuf\1.0.0-M1\protobuf-1.0.0-M1.jar;D:\sdk\maven-repository\com\github\oshi\oshi-core\3.4.2\oshi-core-3.4.2.jar;D:\sdk\maven-repository\net\java\dev\jna\jna-platform\4.3.0\jna-platform-4.3.0.jar;D:\sdk\maven-repository\net\java\dev\jna\jna\4.3.0\jna-4.3.0.jar;D:\sdk\maven-repository\org\threeten\threetenbp\1.3.3\threetenbp-1.3.3.jar;D:\sdk\maven-repository\org\nd4j\jackson\1.0.0-M1\jackson-1.0.0-M1.jar;D:\sdk\maven-repository\commons-net\commons-net\3.1\commons-net-3.1.jar;D:\sdk\maven-repository\net\ericaro\neoitertools\1.0.0\neoitertools-1.0.0.jar;D:\sdk\maven-repository\org\nd4j\nd4j-common\1.0.0-M1\nd4j-common-1.0.0-M1.jar;D:\sdk\maven-repository\org\nd4j\guava\1.0.0-M1\guava-1.0.0-M1.jar;D:\sdk\maven-repository\commons-io\commons-io\2.5\commons-io-2.5.jar;D:\sdk\maven-repository\org\apache\commons\commons-compress\1.18\commons-compress-1.18.jar;D:\sdk\maven-repository\commons-codec\commons-codec\1.10\commons-codec-1.10.jar;D:\sdk\maven-repository\ch\qos\logback\logback-classic\1.2.3\logback-classic-1.2.3.jar;D:\sdk\maven-repository\ch\qos\logback\logback-core\1.2.3\logback-core-1.2.3.jar;D:\sdk\maven-repository\org\nd4j\nd4j-native-api\1.0.0-M1\nd4j-native-api-1.0.0-M1.jar;D:\sdk\maven-repository\org\nd4j\nd4j-native-preset\1.0.0-M1\nd4j-native-preset-1.0.0-M1.jar;D:\sdk\maven-repository\org\nd4j\nd4j-native-preset\1.0.0-M1\nd4j-native-preset-1.0.0-M1-windows-x86_64.jar;D:\sdk\maven-repository\org\nd4j\nd4j-native\1.0.0-M1\nd4j-native-1.0.0-M1-android-arm.jar;D:\sdk\maven-repository\org\nd4j\nd4j-native\1.0.0-M1\nd4j-native-1.0.0-M1-android-arm64.jar;D:\sdk\maven-repository\org\nd4j\nd4j-native\1.0.0-M1\nd4j-native-1.0.0-M1-android-x86.jar;D:\sdk\maven-repository\org\nd4j\nd4j-native\1.0.0-M1\nd4j-native-1.0.0-M1-android-x86_64.jar;D:\sdk\maven-repository\org\nd4j\nd4j-native\1.0.0-M1\nd4j-native-1.0.0-M1-linux-x86_64.jar;D:\sdk\maven-repository\org\nd4j\nd4j-native\1.0.0-M1\nd4j-native-1.0.0-M1-macosx-x86_64.jar;D:\sdk\maven-repository\org\nd4j\nd4j-native\1.0.0-M1\nd4j-native-1.0.0-M1-windows-x86_64.jar;D:\sdk\maven-repository\org\nd4j\nd4j-native\1.0.0-M1\nd4j-native-1.0.0-M1-linux-armhf.jar;D:\sdk\maven-repository\com\fasterxml\jackson\core\jackson-databind\2.15.2\jackson-databind-2.15.2.jar;D:\sdk\maven-repository\com\fasterxml\jackson\core\jackson-core\2.15.2\jackson-core-2.15.2.jar;D:\sdk\maven-repository\com\fasterxml\jackson\datatype\jackson-datatype-jsr310\2.15.2\jackson-datatype-jsr310-2.15.2.jar;D:\sdk\maven-repository\com\fasterxml\jackson\core\jackson-annotations\2.15.2\jackson-annotations-2.15.2.jar;D:\sdk\maven-repository\com\google\code\gson\gson\2.2.4\gson-2.2.4.jar;"/>
    <property name="sun.cpu.endian" value="little"/>
    <property name="user.home" value="C:\Users\pluto"/>
    <property name="user.language" value="zh"/>
    <property name="java.specification.vendor" value="Oracle Corporation"/>
    <property name="java.version.date" value="2024-01-16"/>
    <property name="java.home" value="D:\sdk\java"/>
    <property name="file.separator" value="\"/>
    <property name="style.color" value="never"/>
    <property name="basedir" value="E:\code\code_back\python_project\RealisticEval-Data\envs\java"/>
    <property name="java.vm.compressedOopsMode" value="Zero based"/>
    <property name="line.separator" value="&#10;"/>
    <property name="java.specification.name" value="Java Platform API Specification"/>
    <property name="java.vm.specification.vendor" value="Oracle Corporation"/>
    <property name="java.awt.graphicsenv" value="sun.awt.Win32GraphicsEnvironment"/>
    <property name="surefire.real.class.path" value="D:\cache\user_temp\surefire10548057148989783146\surefirebooter-20241108230951476_3.jar"/>
    <property name="user.script" value=""/>
    <property name="sun.management.compiler" value="HotSpot 64-Bit Tiered Compilers"/>
    <property name="java.runtime.version" value="11.0.22+9-LTS-219"/>
    <property name="user.name" value="pluto"/>
    <property name="path.separator" value=";"/>
    <property name="os.version" value="10.0"/>
    <property name="java.runtime.name" value="Java(TM) SE Runtime Environment"/>
    <property name="file.encoding" value="GBK"/>
    <property name="java.vm.name" value="Java HotSpot(TM) 64-Bit Server VM"/>
    <property name="java.vendor.version" value="18.9"/>
    <property name="localRepository" value="D:\sdk\maven-repository"/>
    <property name="java.vendor.url.bug" value="https://bugreport.java.com/bugreport/"/>
    <property name="java.io.tmpdir" value="D:\cache\user_temp\"/>
    <property name="java.version" value="11.0.22"/>
    <property name="user.dir" value="E:\code\code_back\python_project\RealisticEval-Data\envs\java"/>
    <property name="os.arch" value="amd64"/>
    <property name="java.vm.specification.name" value="Java Virtual Machine Specification"/>
    <property name="java.awt.printerjob" value="sun.awt.windows.WPrinterJob"/>
    <property name="sun.os.patch.level" value=""/>
    <property name="java.library.path" value="D:\sdk\java\bin;C:\WINDOWS\Sun\Java\bin;C:\WINDOWS\system32;C:\WINDOWS;D:\sdk\python\venvs\realisticeval\Scripts;D:\tool\cuda_doc\bin;D:\tool\cuda_doc\libnvvp;D:\tool\vmware\bin\;C:\Program Files\Common Files\Oracle\Java\javapath;C:\Windows\system32;C:\Windows;C:\Windows\System32\Wbem;C:\Windows\System32\WindowsPowerShell\v1.0\;C:\Windows\System32\OpenSSH\;C:\Program Files (x86)\NVIDIA Corporation\PhysX\Common;C:\Program Files\NVIDIA Corporation\NVIDIA NvDLISR;C:\WINDOWS\system32;C:\WINDOWS;C:\WINDOWS\System32\Wbem;C:\WINDOWS\System32\WindowsPowerShell\v1.0\;C:\WINDOWS\System32\OpenSSH\;D:\sdk\java\bin;D:\sdk\mingw64\bin;D:\sdk\maven\bin;D:\tool\git\Git\cmd;D:\sdk\go_path\bin;D:\sdk\node\;D:\sdk\node\node_global\node_modules;C:\Program Files\dotnet\;C:\Program Files\NVIDIA Corporation\Nsight Compute 2022.3.0\;D:\tool\cuda_doc\include;D:\tool\cuda_doc\lib;D:\tool\cuda_doc\libnvvp;E:\tomcat\bin;D:\tool\cmake\bin;C:\Program Files (x86)\ZeroTier\One\;D:\sdk\gradle\bin;D:\sdk\golang\bin;C:\Users\pluto\AppData\Local\Microsoft\WindowsApps;D:\sdk\node\node_global;D:\dev\vscode\Microsoft VS Code\bin;C:\Users\pluto\go\bin;."/>
    <property name="java.vendor" value="Oracle Corporation"/>
    <property name="java.vm.info" value="mixed mode"/>
    <property name="java.vm.version" value="11.0.22+9-LTS-219"/>
    <property name="java.specification.maintenance.version" value="2"/>
    <property name="sun.io.unicode.encoding" value="UnicodeLittle"/>
    <property name="java.class.version" value="55.0"/>
  </properties>
  <testcase name="testReturnsDateInMonthDayYearFormat" classname="org.real.temp.Tester" time="0.006">
    <error type="java.lang.IllegalArgumentException"><![CDATA[java.lang.IllegalArgumentException
	at java.base/java.util.Date.parse(Date.java:616)
	at java.base/java.util.Date.<init>(Date.java:274)
	at org.real.temp.Tester.getDate(Tester.java:34)
	at org.real.temp.Tester.testReturnsDateInMonthDayYearFormat(Tester.java:45)
	at java.base/jdk.internal.reflect.NativeMethodAccessorImpl.invoke0(Native Method)
	at java.base/jdk.internal.reflect.NativeMethodAccessorImpl.invoke(NativeMethodAccessorImpl.java:62)
	at java.base/jdk.internal.reflect.DelegatingMethodAccessorImpl.invoke(DelegatingMethodAccessorImpl.java:43)
	at java.base/java.lang.reflect.Method.invoke(Method.java:566)
	at org.junit.runners.model.FrameworkMethod$1.runReflectiveCall(FrameworkMethod.java:59)
	at org.junit.internal.runners.model.ReflectiveCallable.run(ReflectiveCallable.java:12)
	at org.junit.runners.model.FrameworkMethod.invokeExplosively(FrameworkMethod.java:56)
	at org.junit.internal.runners.statements.InvokeMethod.evaluate(InvokeMethod.java:17)
	at org.junit.internal.runners.statements.RunBefores.evaluate(RunBefores.java:26)
	at org.junit.internal.runners.statements.RunAfters.evaluate(RunAfters.java:27)
	at org.junit.runners.ParentRunner$3.evaluate(ParentRunner.java:306)
	at org.junit.runners.BlockJUnit4ClassRunner$1.evaluate(BlockJUnit4ClassRunner.java:100)
	at org.junit.runners.ParentRunner.runLeaf(ParentRunner.java:366)
	at org.junit.runners.BlockJUnit4ClassRunner.runChild(BlockJUnit4ClassRunner.java:103)
	at org.junit.runners.BlockJUnit4ClassRunner.runChild(BlockJUnit4ClassRunner.java:63)
	at org.junit.runners.ParentRunner$4.run(ParentRunner.java:331)
	at org.junit.runners.ParentRunner$1.schedule(ParentRunner.java:79)
	at org.junit.runners.ParentRunner.runChildren(ParentRunner.java:329)
	at org.junit.runners.ParentRunner.access$100(ParentRunner.java:66)
	at org.junit.runners.ParentRunner$2.evaluate(ParentRunner.java:293)
	at org.junit.runners.ParentRunner$3.evaluate(ParentRunner.java:306)
	at org.junit.runners.ParentRunner.run(ParentRunner.java:413)
	at org.apache.maven.surefire.junit4.JUnit4Provider.execute(JUnit4Provider.java:316)
	at org.apache.maven.surefire.junit4.JUnit4Provider.executeWithRerun(JUnit4Provider.java:240)
	at org.apache.maven.surefire.junit4.JUnit4Provider.executeTestSet(JUnit4Provider.java:214)
	at org.apache.maven.surefire.junit4.JUnit4Provider.invoke(JUnit4Provider.java:155)
	at org.apache.maven.surefire.booter.ForkedBooter.runSuitesInProcess(ForkedBooter.java:385)
	at org.apache.maven.surefire.booter.ForkedBooter.execute(ForkedBooter.java:162)
	at org.apache.maven.surefire.booter.ForkedBooter.run(ForkedBooter.java:507)
	at org.apache.maven.surefire.booter.ForkedBooter.main(ForkedBooter.java:495)
]]></error>
  </testcase>
  <testcase name="testDoesNotReturnUndefined" classname="org.real.temp.Tester" time="0.0">
    <error type="java.lang.IllegalArgumentException"><![CDATA[java.lang.IllegalArgumentException
	at java.base/java.util.Date.parse(Date.java:616)
	at java.base/java.util.Date.<init>(Date.java:274)
	at org.real.temp.Tester.getDate(Tester.java:34)
	at org.real.temp.Tester.testDoesNotReturnUndefined(Tester.java:75)
	at java.base/jdk.internal.reflect.NativeMethodAccessorImpl.invoke0(Native Method)
	at java.base/jdk.internal.reflect.NativeMethodAccessorImpl.invoke(NativeMethodAccessorImpl.java:62)
	at java.base/jdk.internal.reflect.DelegatingMethodAccessorImpl.invoke(DelegatingMethodAccessorImpl.java:43)
	at java.base/java.lang.reflect.Method.invoke(Method.java:566)
	at org.junit.runners.model.FrameworkMethod$1.runReflectiveCall(FrameworkMethod.java:59)
	at org.junit.internal.runners.model.ReflectiveCallable.run(ReflectiveCallable.java:12)
	at org.junit.runners.model.FrameworkMethod.invokeExplosively(FrameworkMethod.java:56)
	at org.junit.internal.runners.statements.InvokeMethod.evaluate(InvokeMethod.java:17)
	at org.junit.internal.runners.statements.RunBefores.evaluate(RunBefores.java:26)
	at org.junit.internal.runners.statements.RunAfters.evaluate(RunAfters.java:27)
	at org.junit.runners.ParentRunner$3.evaluate(ParentRunner.java:306)
	at org.junit.runners.BlockJUnit4ClassRunner$1.evaluate(BlockJUnit4ClassRunner.java:100)
	at org.junit.runners.ParentRunner.runLeaf(ParentRunner.java:366)
	at org.junit.runners.BlockJUnit4ClassRunner.runChild(BlockJUnit4ClassRunner.java:103)
	at org.junit.runners.BlockJUnit4ClassRunner.runChild(BlockJUnit4ClassRunner.java:63)
	at org.junit.runners.ParentRunner$4.run(ParentRunner.java:331)
	at org.junit.runners.ParentRunner$1.schedule(ParentRunner.java:79)
	at org.junit.runners.ParentRunner.runChildren(ParentRunner.java:329)
	at org.junit.runners.ParentRunner.access$100(ParentRunner.java:66)
	at org.junit.runners.ParentRunner$2.evaluate(ParentRunner.java:293)
	at org.junit.runners.ParentRunner$3.evaluate(ParentRunner.java:306)
	at org.junit.runners.ParentRunner.run(ParentRunner.java:413)
	at org.apache.maven.surefire.junit4.JUnit4Provider.execute(JUnit4Provider.java:316)
	at org.apache.maven.surefire.junit4.JUnit4Provider.executeWithRerun(JUnit4Provider.java:240)
	at org.apache.maven.surefire.junit4.JUnit4Provider.executeTestSet(JUnit4Provider.java:214)
	at org.apache.maven.surefire.junit4.JUnit4Provider.invoke(JUnit4Provider.java:155)
	at org.apache.maven.surefire.booter.ForkedBooter.runSuitesInProcess(ForkedBooter.java:385)
	at org.apache.maven.surefire.booter.ForkedBooter.execute(ForkedBooter.java:162)
	at org.apache.maven.surefire.booter.ForkedBooter.run(ForkedBooter.java:507)
	at org.apache.maven.surefire.booter.ForkedBooter.main(ForkedBooter.java:495)
]]></error>
  </testcase>
  <testcase name="testReturnsDateAsString" classname="org.real.temp.Tester" time="0.0">
    <error type="java.lang.IllegalArgumentException"><![CDATA[java.lang.IllegalArgumentException
	at java.base/java.util.Date.parse(Date.java:616)
	at java.base/java.util.Date.<init>(Date.java:274)
	at org.real.temp.Tester.getDate(Tester.java:34)
	at org.real.temp.Tester.testReturnsDateAsString(Tester.java:69)
	at java.base/jdk.internal.reflect.NativeMethodAccessorImpl.invoke0(Native Method)
	at java.base/jdk.internal.reflect.NativeMethodAccessorImpl.invoke(NativeMethodAccessorImpl.java:62)
	at java.base/jdk.internal.reflect.DelegatingMethodAccessorImpl.invoke(DelegatingMethodAccessorImpl.java:43)
	at java.base/java.lang.reflect.Method.invoke(Method.java:566)
	at org.junit.runners.model.FrameworkMethod$1.runReflectiveCall(FrameworkMethod.java:59)
	at org.junit.internal.runners.model.ReflectiveCallable.run(ReflectiveCallable.java:12)
	at org.junit.runners.model.FrameworkMethod.invokeExplosively(FrameworkMethod.java:56)
	at org.junit.internal.runners.statements.InvokeMethod.evaluate(InvokeMethod.java:17)
	at org.junit.internal.runners.statements.RunBefores.evaluate(RunBefores.java:26)
	at org.junit.internal.runners.statements.RunAfters.evaluate(RunAfters.java:27)
	at org.junit.runners.ParentRunner$3.evaluate(ParentRunner.java:306)
	at org.junit.runners.BlockJUnit4ClassRunner$1.evaluate(BlockJUnit4ClassRunner.java:100)
	at org.junit.runners.ParentRunner.runLeaf(ParentRunner.java:366)
	at org.junit.runners.BlockJUnit4ClassRunner.runChild(BlockJUnit4ClassRunner.java:103)
	at org.junit.runners.BlockJUnit4ClassRunner.runChild(BlockJUnit4ClassRunner.java:63)
	at org.junit.runners.ParentRunner$4.run(ParentRunner.java:331)
	at org.junit.runners.ParentRunner$1.schedule(ParentRunner.java:79)
	at org.junit.runners.ParentRunner.runChildren(ParentRunner.java:329)
	at org.junit.runners.ParentRunner.access$100(ParentRunner.java:66)
	at org.junit.runners.ParentRunner$2.evaluate(ParentRunner.java:293)
	at org.junit.runners.ParentRunner$3.evaluate(ParentRunner.java:306)
	at org.junit.runners.ParentRunner.run(ParentRunner.java:413)
	at org.apache.maven.surefire.junit4.JUnit4Provider.execute(JUnit4Provider.java:316)
	at org.apache.maven.surefire.junit4.JUnit4Provider.executeWithRerun(JUnit4Provider.java:240)
	at org.apache.maven.surefire.junit4.JUnit4Provider.executeTestSet(JUnit4Provider.java:214)
	at org.apache.maven.surefire.junit4.JUnit4Provider.invoke(JUnit4Provider.java:155)
	at org.apache.maven.surefire.booter.ForkedBooter.runSuitesInProcess(ForkedBooter.java:385)
	at org.apache.maven.surefire.booter.ForkedBooter.execute(ForkedBooter.java:162)
	at org.apache.maven.surefire.booter.ForkedBooter.run(ForkedBooter.java:507)
	at org.apache.maven.surefire.booter.ForkedBooter.main(ForkedBooter.java:495)
]]></error>
  </testcase>
  <testcase name="testReturnsCorrectMonth" classname="org.real.temp.Tester" time="0.0">
    <error type="java.lang.IllegalArgumentException"><![CDATA[java.lang.IllegalArgumentException
	at java.base/java.util.Date.parse(Date.java:616)
	at java.base/java.util.Date.<init>(Date.java:274)
	at org.real.temp.Tester.getDate(Tester.java:34)
	at org.real.temp.Tester.testReturnsCorrectMonth(Tester.java:57)
	at java.base/jdk.internal.reflect.NativeMethodAccessorImpl.invoke0(Native Method)
	at java.base/jdk.internal.reflect.NativeMethodAccessorImpl.invoke(NativeMethodAccessorImpl.java:62)
	at java.base/jdk.internal.reflect.DelegatingMethodAccessorImpl.invoke(DelegatingMethodAccessorImpl.java:43)
	at java.base/java.lang.reflect.Method.invoke(Method.java:566)
	at org.junit.runners.model.FrameworkMethod$1.runReflectiveCall(FrameworkMethod.java:59)
	at org.junit.internal.runners.model.ReflectiveCallable.run(ReflectiveCallable.java:12)
	at org.junit.runners.model.FrameworkMethod.invokeExplosively(FrameworkMethod.java:56)
	at org.junit.internal.runners.statements.InvokeMethod.evaluate(InvokeMethod.java:17)
	at org.junit.internal.runners.statements.RunBefores.evaluate(RunBefores.java:26)
	at org.junit.internal.runners.statements.RunAfters.evaluate(RunAfters.java:27)
	at org.junit.runners.ParentRunner$3.evaluate(ParentRunner.java:306)
	at org.junit.runners.BlockJUnit4ClassRunner$1.evaluate(BlockJUnit4ClassRunner.java:100)
	at org.junit.runners.ParentRunner.runLeaf(ParentRunner.java:366)
	at org.junit.runners.BlockJUnit4ClassRunner.runChild(BlockJUnit4ClassRunner.java:103)
	at org.junit.runners.BlockJUnit4ClassRunner.runChild(BlockJUnit4ClassRunner.java:63)
	at org.junit.runners.ParentRunner$4.run(ParentRunner.java:331)
	at org.junit.runners.ParentRunner$1.schedule(ParentRunner.java:79)
	at org.junit.runners.ParentRunner.runChildren(ParentRunner.java:329)
	at org.junit.runners.ParentRunner.access$100(ParentRunner.java:66)
	at org.junit.runners.ParentRunner$2.evaluate(ParentRunner.java:293)
	at org.junit.runners.ParentRunner$3.evaluate(ParentRunner.java:306)
	at org.junit.runners.ParentRunner.run(ParentRunner.java:413)
	at org.apache.maven.surefire.junit4.JUnit4Provider.execute(JUnit4Provider.java:316)
	at org.apache.maven.surefire.junit4.JUnit4Provider.executeWithRerun(JUnit4Provider.java:240)
	at org.apache.maven.surefire.junit4.JUnit4Provider.executeTestSet(JUnit4Provider.java:214)
	at org.apache.maven.surefire.junit4.JUnit4Provider.invoke(JUnit4Provider.java:155)
	at org.apache.maven.surefire.booter.ForkedBooter.runSuitesInProcess(ForkedBooter.java:385)
	at org.apache.maven.surefire.booter.ForkedBooter.execute(ForkedBooter.java:162)
	at org.apache.maven.surefire.booter.ForkedBooter.run(ForkedBooter.java:507)
	at org.apache.maven.surefire.booter.ForkedBooter.main(ForkedBooter.java:495)
]]></error>
  </testcase>
  <testcase name="testReturnsCorrectDay" classname="org.real.temp.Tester" time="0.0">
    <error type="java.lang.IllegalArgumentException"><![CDATA[java.lang.IllegalArgumentException
	at java.base/java.util.Date.parse(Date.java:616)
	at java.base/java.util.Date.<init>(Date.java:274)
	at org.real.temp.Tester.getDate(Tester.java:34)
	at org.real.temp.Tester.testReturnsCorrectDay(Tester.java:63)
	at java.base/jdk.internal.reflect.NativeMethodAccessorImpl.invoke0(Native Method)
	at java.base/jdk.internal.reflect.NativeMethodAccessorImpl.invoke(NativeMethodAccessorImpl.java:62)
	at java.base/jdk.internal.reflect.DelegatingMethodAccessorImpl.invoke(DelegatingMethodAccessorImpl.java:43)
	at java.base/java.lang.reflect.Method.invoke(Method.java:566)
	at org.junit.runners.model.FrameworkMethod$1.runReflectiveCall(FrameworkMethod.java:59)
	at org.junit.internal.runners.model.ReflectiveCallable.run(ReflectiveCallable.java:12)
	at org.junit.runners.model.FrameworkMethod.invokeExplosively(FrameworkMethod.java:56)
	at org.junit.internal.runners.statements.InvokeMethod.evaluate(InvokeMethod.java:17)
	at org.junit.internal.runners.statements.RunBefores.evaluate(RunBefores.java:26)
	at org.junit.internal.runners.statements.RunAfters.evaluate(RunAfters.java:27)
	at org.junit.runners.ParentRunner$3.evaluate(ParentRunner.java:306)
	at org.junit.runners.BlockJUnit4ClassRunner$1.evaluate(BlockJUnit4ClassRunner.java:100)
	at org.junit.runners.ParentRunner.runLeaf(ParentRunner.java:366)
	at org.junit.runners.BlockJUnit4ClassRunner.runChild(BlockJUnit4ClassRunner.java:103)
	at org.junit.runners.BlockJUnit4ClassRunner.runChild(BlockJUnit4ClassRunner.java:63)
	at org.junit.runners.ParentRunner$4.run(ParentRunner.java:331)
	at org.junit.runners.ParentRunner$1.schedule(ParentRunner.java:79)
	at org.junit.runners.ParentRunner.runChildren(ParentRunner.java:329)
	at org.junit.runners.ParentRunner.access$100(ParentRunner.java:66)
	at org.junit.runners.ParentRunner$2.evaluate(ParentRunner.java:293)
	at org.junit.runners.ParentRunner$3.evaluate(ParentRunner.java:306)
	at org.junit.runners.ParentRunner.run(ParentRunner.java:413)
	at org.apache.maven.surefire.junit4.JUnit4Provider.execute(JUnit4Provider.java:316)
	at org.apache.maven.surefire.junit4.JUnit4Provider.executeWithRerun(JUnit4Provider.java:240)
	at org.apache.maven.surefire.junit4.JUnit4Provider.executeTestSet(JUnit4Provider.java:214)
	at org.apache.maven.surefire.junit4.JUnit4Provider.invoke(JUnit4Provider.java:155)
	at org.apache.maven.surefire.booter.ForkedBooter.runSuitesInProcess(ForkedBooter.java:385)
	at org.apache.maven.surefire.booter.ForkedBooter.execute(ForkedBooter.java:162)
	at org.apache.maven.surefire.booter.ForkedBooter.run(ForkedBooter.java:507)
	at org.apache.maven.surefire.booter.ForkedBooter.main(ForkedBooter.java:495)
]]></error>
  </testcase>
  <testcase name="testReturnsCorrectYear" classname="org.real.temp.Tester" time="0.0">
    <error type="java.lang.IllegalArgumentException"><![CDATA[java.lang.IllegalArgumentException
	at java.base/java.util.Date.parse(Date.java:616)
	at java.base/java.util.Date.<init>(Date.java:274)
	at org.real.temp.Tester.getDate(Tester.java:34)
	at org.real.temp.Tester.testReturnsCorrectYear(Tester.java:51)
	at java.base/jdk.internal.reflect.NativeMethodAccessorImpl.invoke0(Native Method)
	at java.base/jdk.internal.reflect.NativeMethodAccessorImpl.invoke(NativeMethodAccessorImpl.java:62)
	at java.base/jdk.internal.reflect.DelegatingMethodAccessorImpl.invoke(DelegatingMethodAccessorImpl.java:43)
	at java.base/java.lang.reflect.Method.invoke(Method.java:566)
	at org.junit.runners.model.FrameworkMethod$1.runReflectiveCall(FrameworkMethod.java:59)
	at org.junit.internal.runners.model.ReflectiveCallable.run(ReflectiveCallable.java:12)
	at org.junit.runners.model.FrameworkMethod.invokeExplosively(FrameworkMethod.java:56)
	at org.junit.internal.runners.statements.InvokeMethod.evaluate(InvokeMethod.java:17)
	at org.junit.internal.runners.statements.RunBefores.evaluate(RunBefores.java:26)
	at org.junit.internal.runners.statements.RunAfters.evaluate(RunAfters.java:27)
	at org.junit.runners.ParentRunner$3.evaluate(ParentRunner.java:306)
	at org.junit.runners.BlockJUnit4ClassRunner$1.evaluate(BlockJUnit4ClassRunner.java:100)
	at org.junit.runners.ParentRunner.runLeaf(ParentRunner.java:366)
	at org.junit.runners.BlockJUnit4ClassRunner.runChild(BlockJUnit4ClassRunner.java:103)
	at org.junit.runners.BlockJUnit4ClassRunner.runChild(BlockJUnit4ClassRunner.java:63)
	at org.junit.runners.ParentRunner$4.run(ParentRunner.java:331)
	at org.junit.runners.ParentRunner$1.schedule(ParentRunner.java:79)
	at org.junit.runners.ParentRunner.runChildren(ParentRunner.java:329)
	at org.junit.runners.ParentRunner.access$100(ParentRunner.java:66)
	at org.junit.runners.ParentRunner$2.evaluate(ParentRunner.java:293)
	at org.junit.runners.ParentRunner$3.evaluate(ParentRunner.java:306)
	at org.junit.runners.ParentRunner.run(ParentRunner.java:413)
	at org.apache.maven.surefire.junit4.JUnit4Provider.execute(JUnit4Provider.java:316)
	at org.apache.maven.surefire.junit4.JUnit4Provider.executeWithRerun(JUnit4Provider.java:240)
	at org.apache.maven.surefire.junit4.JUnit4Provider.executeTestSet(JUnit4Provider.java:214)
	at org.apache.maven.surefire.junit4.JUnit4Provider.invoke(JUnit4Provider.java:155)
	at org.apache.maven.surefire.booter.ForkedBooter.runSuitesInProcess(ForkedBooter.java:385)
	at org.apache.maven.surefire.booter.ForkedBooter.execute(ForkedBooter.java:162)
	at org.apache.maven.surefire.booter.ForkedBooter.run(ForkedBooter.java:507)
	at org.apache.maven.surefire.booter.ForkedBooter.main(ForkedBooter.java:495)
]]></error>
  </testcase>
</testsuite>